<?xml version="1.0" encoding="utf-8"?><testsuites name="pytest tests"><testsuite name="pytest" errors="0" failures="0" skipped="0" tests="20" time="3.509" timestamp="2026-04-08T04:13:55.047164+00:00" hostname="agent-env-86508f06-2b8a-433e-9079-5c4194e8adbe"><testcase classname="tests.test_crash_game_api.TestRootEndpoint" name="test_root_returns_api_info" time="0.245" /><testcase classname="tests.test_crash_game_api.TestWalletEndpoints" name="test_create_wallet_success" time="0.105" /><testcase classname="tests.test_crash_game_api.TestWalletEndpoints" name="test_get_wallet_success" time="0.214" /><testcase classname="tests.test_crash_game_api.TestWalletEndpoints" name="test_get_wallet_not_found" time="0.179" /><testcase classname="tests.test_crash_game_api.TestGameStateEndpoints" name="test_get_game_state" time="0.172" /><testcase classname="tests.test_crash_game_api.TestGameStateEndpoints" name="test_get_game_history_default_limit" time="0.105" /><testcase classname="tests.test_crash_game_api.TestGameStateEndpoints" name="test_get_game_history_with_limit" time="0.146" /><testcase classname="tests.test_crash_game_api.TestLeaderboardEndpoint" name="test_get_leaderboard_default" time="0.111" /><testcase classname="tests.test_crash_game_api.TestLeaderboardEndpoint" name="test_get_leaderboard_with_limit" time="0.109" /><testcase classname="tests.test_crash_game_api.TestUserStatsEndpoint" name="test_get_user_stats_new_user" time="0.116" /><testcase classname="tests.test_crash_game_api.TestUserStatsEndpoint" name="test_get_user_stats_existing_wallet" time="0.247" /><testcase classname="tests.test_crash_game_api.TestXerisProxyEndpoints" name="test_xeris_balance_proxy" time="0.191" /><testcase classname="tests.test_crash_game_api.TestXerisProxyEndpoints" name="test_xeris_balance_proxy_different_addresses" time="0.590" /><testcase classname="tests.test_crash_game_api.TestXerisProxyEndpoints" name="test_xeris_faucet_proxy" time="0.196" /><testcase classname="tests.test_crash_game_api.TestBetsEndpoint" name="test_get_user_bets_empty" time="0.100" /><testcase classname="tests.test_crash_game_api.TestBetsEndpoint" name="test_get_user_bets_with_limit" time="0.115" /><testcase classname="tests.test_crash_game_api.TestCrashPointGeneration" name="test_game_state_has_server_seed_hash" time="0.103" /><testcase classname="tests.test_crash_game_api.TestCrashPointGeneration" name="test_game_history_has_crash_points" time="0.106" /><testcase classname="tests.test_crash_game_api.TestErrorHandling" name="test_invalid_endpoint_returns_404" time="0.099" /><testcase classname="tests.test_crash_game_api.TestErrorHandling" name="test_wallet_not_found_error" time="0.163" /></testsuite></testsuites>